<?xml version="1.0" encoding="UTF-8"?>
<!-- Generated by org.testng.reporters.JUnitReportReporter -->
<testsuite skipped="0" hostname="Tetianas-MacBook-Pro.local" name="com.class12.OrangeHRMLogIn" tests="2" failures="0" timestamp="02 Jun 2019 18:43:30 GMT" time="3.571" errors="0">
  <testcase name="loginAndVerification" time="3.479" classname="com.class12.OrangeHRMLogIn"/>
  <testcase name="checkLogIn" time="0.092" classname="com.class12.OrangeHRMLogIn"/>
</testsuite> <!-- com.class12.OrangeHRMLogIn -->
