<?xml version="1.0" encoding="UTF-8"?>
<!-- Generated by org.testng.reporters.JUnitReportReporter -->
<testsuite skipped="0" hostname="Tetianas-MacBook-Pro.local" name="com.class10.test" tests="1" failures="0" timestamp="28 May 2019 22:32:22 GMT" time="0.006" errors="0">
  <testcase name="helloWorld" time="0.006" classname="com.class10.test"/>
</testsuite> <!-- com.class10.test -->
