<?xml version="1.0" encoding="UTF-8"?>
<!-- Generated by org.testng.reporters.JUnitReportReporter -->
<testsuite skipped="0" hostname="Tetianas-MacBook-Pro.local" name="com.class12.BrokenLinksDemo" tests="1" failures="0" timestamp="02 Jun 2019 17:03:54 GMT" time="6.179" errors="0">
  <testcase name="brokenLinksVerification" time="6.179" classname="com.class12.BrokenLinksDemo"/>
</testsuite> <!-- com.class12.BrokenLinksDemo -->
