<?xml version="1.0" encoding="UTF-8"?>
<!-- Generated by org.testng.reporters.JUnitReportReporter -->
<testsuite skipped="0" hostname="Tetianas-MacBook-Pro.local" name="com.class12.FlightSearchTask" tests="1" failures="0" timestamp="02 Jun 2019 16:23:50 GMT" time="12.894" errors="0">
  <testcase name="searchFlight" time="12.894" classname="com.class12.FlightSearchTask"/>
</testsuite> <!-- com.class12.FlightSearchTask -->
