<?xml version="1.0" encoding="UTF-8"?>
<!-- Generated by org.testng.reporters.JUnitReportReporter -->
<testsuite skipped="0" hostname="Tetianas-MacBook-Pro.local" name="com.class12.ReadingPropertyFile" tests="1" failures="0" timestamp="02 Jun 2019 17:51:04 GMT" time="1.775" errors="0">
  <testcase name="readfile" time="1.775" classname="com.class12.ReadingPropertyFile"/>
</testsuite> <!-- com.class12.ReadingPropertyFile -->
