<?xml version="1.0" encoding="UTF-8"?>
<!-- Generated by org.testng.reporters.JUnitReportReporter -->
<testsuite skipped="0" hostname="Tetianas-MacBook-Pro.local" name="com.class12.BrokenIMGDemo" tests="1" failures="0" timestamp="02 Jun 2019 16:56:40 GMT" time="6.507" errors="0">
  <testcase name="brokenLinksVerification" time="6.507" classname="com.class12.BrokenIMGDemo"/>
</testsuite> <!-- com.class12.BrokenIMGDemo -->
